#
# A fatal error has been detected by the Java Runtime Environment:
#
#  EXCEPTION_ACCESS_VIOLATION (0xc0000005) at pc=0x000000006c160976, pid=13040, tid=0x00000000000034a4
#
# JRE version: Java(TM) SE Runtime Environment (8.0_291-b10) (build 1.8.0_291-b10)
# Java VM: Java HotSpot(TM) 64-Bit Server VM (25.291-b10 mixed mode windows-amd64 compressed oops)
# Problematic frame:
# V  [jvm.dll+0x100976]
#
# Failed to write core dump. Minidumps are not enabled by default on client versions of Windows
#
# If you would like to submit a bug report, please visit:
#   http://bugreport.java.com/bugreport/crash.jsp
#

---------------  T H R E A D  ---------------

Current thread (0x0000019764fa6000):  JavaThread "background-preinit" [_thread_in_vm, id=13476, stack(0x0000000d6ac00000,0x0000000d6ad00000)]

siginfo: ExceptionCode=0xc0000005, reading address 0x0000019764e02e50

Registers:
RAX=0x0000019764dccaf0, RBX=0x0000019764dccaf0, RCX=0x0000000d6acfecb0, RDX=0x0000000000006c62
RSP=0x0000000d6acfe530, RBP=0x0000000d6acfe630, RSI=0x0000000000006c62, RDI=0x0000000d6acfecb0
R8 =0x0000019764fa6000, R9 =0x000001974dea0000, R10=0x000000006c123190, R11=0x0000000000000004
R12=0x0000000000000000, R13=0x0000000000006c62, R14=0x0000000d6acfed78, R15=0x0000019764fa6000
RIP=0x000000006c160976, EFLAGS=0x0000000000010202

Top of Stack: (sp=0x0000000d6acfe530)
0x0000000d6acfe530:   0000000d6acfe578 0000019764dccc48
0x0000000d6acfe540:   0000000000000000 0000019761ca0088
0x0000000d6acfe550:   0000019764fa6000 0000000d6acfe5b8
0x0000000d6acfe560:   0000000000000004 0000019764dccca0
0x0000000d6acfe570:   000000000000000f 0000019764dccdb0
0x0000000d6acfe580:   0000019764fa6000 0000001400000000
0x0000000d6acfe590:   0000000000000000 0000019700000007
0x0000000d6acfe5a0:   000000000000004b 000000006c2f0498
0x0000000d6acfe5b0:   0000000d6acfe6e0 0000000d6acfe808
0x0000000d6acfe5c0:   0000019764fa6000 0000019700000000
0x0000000d6acfe5d0:   0000019764fa6000 000000006c29f044
0x0000000d6acfe5e0:   00000038f7252029 000000006c171b01
0x0000000d6acfe5f0:   0000019764dccca0 0000019764dccca0
0x0000000d6acfe600:   0000000d6acfe6e0 000000006c0c39c3
0x0000000d6acfe610:   00000197643005c0 00000000000003d8
0x0000000d6acfe620:   0000019764300998 0000019764fa5340 

Instructions: (pc=0x000000006c160976)
0x000000006c160956:   07 00 00 48 8b 05 48 88 69 00 48 33 c4 48 89 85
0x000000006c160966:   10 06 00 00 48 8b 01 4d 8b f8 4c 63 ea 48 8b f9
0x000000006c160976:   4a 8b 54 e8 50 48 89 54 24 38 48 8b 5c 24 38 0f
0x000000006c160986:   b6 c3 f6 d0 a8 01 74 0d e8 3d 74 f0 ff 48 8b c3 


Register to memory mapping:

RAX=0x0000019764dccaf0 is pointing into metadata
RBX=0x0000019764dccaf0 is pointing into metadata
RCX=0x0000000d6acfecb0 is pointing into the stack for thread: 0x0000019764fa6000
RDX=0x0000000000006c62 is an unknown value
RSP=0x0000000d6acfe530 is pointing into the stack for thread: 0x0000019764fa6000
RBP=0x0000000d6acfe630 is pointing into the stack for thread: 0x0000019764fa6000
RSI=0x0000000000006c62 is an unknown value
RDI=0x0000000d6acfecb0 is pointing into the stack for thread: 0x0000019764fa6000
R8 =0x0000019764fa6000 is a thread
R9 =0x000001974dea0000 is an unknown value
R10=0x000000006c123190 is an unknown value
R11=0x0000000000000004 is an unknown value
R12=0x0000000000000000 is an unknown value
R13=0x0000000000006c62 is an unknown value
R14=0x0000000d6acfed78 is pointing into the stack for thread: 0x0000019764fa6000
R15=0x0000019764fa6000 is a thread


Stack: [0x0000000d6ac00000,0x0000000d6ad00000],  sp=0x0000000d6acfe530,  free space=1017k
Native frames: (J=compiled Java code, j=interpreted, Vv=VM code, C=native code)
V  [jvm.dll+0x100976]
V  [jvm.dll+0xc131f]
V  [jvm.dll+0xc320b]
C  0x000001974dec8815

Java frames: (J=compiled Java code, j=interpreted, Vv=VM code)
j  javax.validation.Validation.byDefaultProvider()Ljavax/validation/bootstrap/GenericBootstrap;+0
j  org.springframework.boot.autoconfigure.BackgroundPreinitializer$ValidationInitializer.run()V+0
j  org.springframework.boot.autoconfigure.BackgroundPreinitializer$1.runSafely(Ljava/lang/Runnable;)V+1
j  org.springframework.boot.autoconfigure.BackgroundPreinitializer$1.run()V+21
j  java.lang.Thread.run()V+11
v  ~StubRoutines::call_stub

---------------  P R O C E S S  ---------------

Java Threads: ( => current thread )
=>0x0000019764fa6000 JavaThread "background-preinit" [_thread_in_vm, id=13476, stack(0x0000000d6ac00000,0x0000000d6ad00000)]
  0x00000197642d1000 JavaThread "RMI Scheduler(0)" daemon [_thread_blocked, id=14208, stack(0x0000000d6ab00000,0x0000000d6ac00000)]
  0x00000197643fc800 JavaThread "RMI TCP Connection(1)-192.168.1.14" daemon [_thread_in_native, id=9088, stack(0x0000000d6aa00000,0x0000000d6ab00000)]
  0x0000019764054800 JavaThread "RMI TCP Accept-0" daemon [_thread_in_native, id=10200, stack(0x0000000d6a800000,0x0000000d6a900000)]
  0x0000019763dd0000 JavaThread "Service Thread" daemon [_thread_blocked, id=15352, stack(0x0000000d6a700000,0x0000000d6a800000)]
  0x0000019763dcc800 JavaThread "C1 CompilerThread2" daemon [_thread_blocked, id=2480, stack(0x0000000d6a600000,0x0000000d6a700000)]
  0x0000019763d82800 JavaThread "C2 CompilerThread1" daemon [_thread_blocked, id=12968, stack(0x0000000d6a500000,0x0000000d6a600000)]
  0x0000019763d7d800 JavaThread "C2 CompilerThread0" daemon [_thread_blocked, id=3648, stack(0x0000000d6a400000,0x0000000d6a500000)]
  0x0000019763d7c000 JavaThread "Monitor Ctrl-Break" daemon [_thread_in_native, id=5308, stack(0x0000000d6a300000,0x0000000d6a400000)]
  0x00000197626ab000 JavaThread "Attach Listener" daemon [_thread_blocked, id=12024, stack(0x0000000d6a200000,0x0000000d6a300000)]
  0x00000197626aa000 JavaThread "Signal Dispatcher" daemon [_thread_blocked, id=12632, stack(0x0000000d6a100000,0x0000000d6a200000)]
  0x000001976267e000 JavaThread "Finalizer" daemon [_thread_blocked, id=8116, stack(0x0000000d6a000000,0x0000000d6a100000)]
  0x000001976267c800 JavaThread "Reference Handler" daemon [_thread_blocked, id=12912, stack(0x0000000d69f00000,0x0000000d6a000000)]
  0x000001974c4f1800 JavaThread "main" [_thread_in_vm, id=12880, stack(0x0000000d69900000,0x0000000d69a00000)]

Other Threads:
  0x0000019762651800 VMThread [stack: 0x0000000d69e00000,0x0000000d69f00000] [id=11572]
  0x0000019764065000 WatcherThread [stack: 0x0000000d6a900000,0x0000000d6aa00000] [id=10776]

VM state:not at safepoint (normal execution)

VM Mutex/Monitor currently owned by a thread: None

heap address: 0x0000000081400000, size: 2028 MB, Compressed Oops mode: 32-bit
Narrow klass base: 0x0000000000000000, Narrow klass shift: 3
Compressed class space size: 1073741824 Address: 0x0000000100000000

Heap:
 PSYoungGen      total 38400K, used 37913K [0x00000000d5c00000, 0x00000000d8680000, 0x0000000100000000)
  eden space 33280K, 99% used [0x00000000d5c00000,0x00000000d7c73880,0x00000000d7c80000)
  from space 5120K, 91% used [0x00000000d7c80000,0x00000000d8112df0,0x00000000d8180000)
  to   space 5120K, 0% used [0x00000000d8180000,0x00000000d8180000,0x00000000d8680000)
 ParOldGen       total 87552K, used 16K [0x0000000081400000, 0x0000000086980000, 0x00000000d5c00000)
  object space 87552K, 0% used [0x0000000081400000,0x0000000081404000,0x0000000086980000)
 Metaspace       used 14592K, capacity 15282K, committed 15488K, reserved 1062912K
  class space    used 1924K, capacity 2077K, committed 2176K, reserved 1048576K

Card table byte_map: [0x000001975d260000,0x000001975d660000] byte_map_base: 0x000001975ce56000

Marking Bits: (ParMarkBitMap*) 0x000000006c847fe0
 Begin Bits: [0x000001975d910000, 0x000001975f8c0000)
 End Bits:   [0x000001975f8c0000, 0x0000019761870000)

Polling page: 0x000001974de70000

CodeCache: size=245760Kb used=3284Kb max_used=3284Kb free=242475Kb
 bounds [0x000001974dea0000, 0x000001974e1e0000, 0x000001975cea0000]
 total_blobs=1811 nmethods=1439 adapters=284
 compilation: enabled

Compilation events (10 events):
Event: 3.890 Thread 0x0000019763dcc800 1400       1       org.springframework.util.ConcurrentReferenceHashMap::clear (32 bytes)
Event: 3.891 Thread 0x0000019763dcc800 nmethod 1400 0x000001974e1c8850 code [0x000001974e1c89c0, 0x000001974e1c8b30]
Event: 3.891 Thread 0x0000019763dcc800 1399       1       org.springframework.core.ResolvableType::<init> (47 bytes)
Event: 3.891 Thread 0x0000019763dcc800 nmethod 1399 0x000001974e1c8c50 code [0x000001974e1c8da0, 0x000001974e1c8f38]
Event: 3.891 Thread 0x0000019763dcc800 1402   !   1       java.util.concurrent.ConcurrentHashMap::computeIfAbsent (493 bytes)
Event: 3.893 Thread 0x0000019763dcc800 nmethod 1402 0x000001974e1c8f90 code [0x000001974e1c91e0, 0x000001974e1ca1e0]
Event: 3.893 Thread 0x0000019763dcc800 1403       1       java.util.Objects::hashCode (13 bytes)
Event: 3.893 Thread 0x0000019763dcc800 nmethod 1403 0x000001974e1caf10 code [0x000001974e1cb060, 0x000001974e1cb190]
Event: 3.893 Thread 0x0000019763dcc800 1401       1       java.util.Collections$SingletonSet::iterator (8 bytes)
Event: 3.894 Thread 0x0000019763dcc800 nmethod 1401 0x000001974e1cb210 code [0x000001974e1cb360, 0x000001974e1cb4d8]

GC Heap History (2 events):
Event: 2.562 GC heap before
{Heap before GC invocations=1 (full 0):
 PSYoungGen      total 38400K, used 33280K [0x00000000d5c00000, 0x00000000d8680000, 0x0000000100000000)
  eden space 33280K, 100% used [0x00000000d5c00000,0x00000000d7c80000,0x00000000d7c80000)
  from space 5120K, 0% used [0x00000000d8180000,0x00000000d8180000,0x00000000d8680000)
  to   space 5120K, 0% used [0x00000000d7c80000,0x00000000d7c80000,0x00000000d8180000)
 ParOldGen       total 87552K, used 0K [0x0000000081400000, 0x0000000086980000, 0x00000000d5c00000)
  object space 87552K, 0% used [0x0000000081400000,0x0000000081400000,0x0000000086980000)
 Metaspace       used 10526K, capacity 10754K, committed 10880K, reserved 1058816K
  class space    used 1292K, capacity 1391K, committed 1408K, reserved 1048576K
Event: 2.571 GC heap after
Heap after GC invocations=1 (full 0):
 PSYoungGen      total 38400K, used 4683K [0x00000000d5c00000, 0x00000000d8680000, 0x0000000100000000)
  eden space 33280K, 0% used [0x00000000d5c00000,0x00000000d5c00000,0x00000000d7c80000)
  from space 5120K, 91% used [0x00000000d7c80000,0x00000000d8112df0,0x00000000d8180000)
  to   space 5120K, 0% used [0x00000000d8180000,0x00000000d8180000,0x00000000d8680000)
 ParOldGen       total 87552K, used 16K [0x0000000081400000, 0x0000000086980000, 0x00000000d5c00000)
  object space 87552K, 0% used [0x0000000081400000,0x0000000081404000,0x0000000086980000)
 Metaspace       used 10526K, capacity 10754K, committed 10880K, reserved 1058816K
  class space    used 1292K, capacity 1391K, committed 1408K, reserved 1048576K
}

Deoptimization events (0 events):
No events

Classes redefined (0 events):
No events

Internal exceptions (10 events):
Event: 3.546 Thread 0x000001976444c000 Exception <a 'java/net/UnknownHostException': DESKTOP-87NK9O3.Home> (0x00000000d6c29fe8) thrown at [C:\jenkins\workspace\8-2-build-windows-amd64-cygwin\jdk8u291\1294\hotspot\src\share\vm\prims\jni.cpp, line 737]
Event: 3.600 Thread 0x000001974c4f1800 Exception <a 'java/lang/ArrayIndexOutOfBoundsException'> (0x00000000d6edbbf8) thrown at [C:\jenkins\workspace\8-2-build-windows-amd64-cygwin\jdk8u291\1294\hotspot\src\share\vm\runtime\sharedRuntime.cpp, line 609]
Event: 3.600 Thread 0x000001974c4f1800 Exception <a 'java/lang/ArrayIndexOutOfBoundsException'> (0x00000000d6edfe08) thrown at [C:\jenkins\workspace\8-2-build-windows-amd64-cygwin\jdk8u291\1294\hotspot\src\share\vm\runtime\sharedRuntime.cpp, line 609]
Event: 3.611 Thread 0x000001974c4f1800 Exception <a 'java/lang/ArrayIndexOutOfBoundsException'> (0x00000000d6f7ca98) thrown at [C:\jenkins\workspace\8-2-build-windows-amd64-cygwin\jdk8u291\1294\hotspot\src\share\vm\runtime\sharedRuntime.cpp, line 609]
Event: 3.613 Thread 0x000001974c4f1800 Exception <a 'java/lang/ArrayIndexOutOfBoundsException'> (0x00000000d6f94160) thrown at [C:\jenkins\workspace\8-2-build-windows-amd64-cygwin\jdk8u291\1294\hotspot\src\share\vm\runtime\sharedRuntime.cpp, line 609]
Event: 3.613 Thread 0x000001974c4f1800 Exception <a 'java/lang/ArrayIndexOutOfBoundsException'> (0x00000000d6f95b90) thrown at [C:\jenkins\workspace\8-2-build-windows-amd64-cygwin\jdk8u291\1294\hotspot\src\share\vm\runtime\sharedRuntime.cpp, line 609]
Event: 3.613 Thread 0x000001974c4f1800 Exception <a 'java/lang/ArrayIndexOutOfBoundsException'> (0x00000000d6fa02c8) thrown at [C:\jenkins\workspace\8-2-build-windows-amd64-cygwin\jdk8u291\1294\hotspot\src\share\vm\runtime\sharedRuntime.cpp, line 609]
Event: 3.646 Thread 0x000001974c4f1800 Exception <a 'java/lang/NoSuchMethodError': java.lang.Object.lambda$from$1(Ljava/util/function/Supplier;Lorg/springframework/boot/BootstrapContext;)Ljava/lang/Object;> (0x00000000d70a1510) thrown at [C:\jenkins\workspace\8-2-build-windows-amd64-cygwin\jdk
Event: 3.747 Thread 0x000001974c4f1800 Exception <a 'java/lang/ArrayIndexOutOfBoundsException'> (0x00000000d7295928) thrown at [C:\jenkins\workspace\8-2-build-windows-amd64-cygwin\jdk8u291\1294\hotspot\src\share\vm\runtime\sharedRuntime.cpp, line 609]
Event: 3.762 Thread 0x000001974c4f1800 Exception <a 'java/lang/NoSuchMethodError': java.lang.Object.lambda$and$0(Ljava/util/function/Predicate;Ljava/lang/Object;)Z> (0x00000000d72def50) thrown at [C:\jenkins\workspace\8-2-build-windows-amd64-cygwin\jdk8u291\1294\hotspot\src\share\vm\interprete

Events (10 events):
Event: 3.892 loading class org/springframework/core/AliasRegistry
Event: 3.892 loading class org/springframework/core/AliasRegistry done
Event: 3.893 loading class javax/validation/Validation
Event: 3.893 loading class javax/validation/Validation done
Event: 3.893 loading class org/springframework/beans/factory/support/BeanNameGenerator
Event: 3.893 loading class org/springframework/beans/factory/support/BeanNameGenerator done
Event: 3.894 loading class org/springframework/boot/BeanDefinitionLoader
Event: 3.894 loading class org/springframework/boot/BeanDefinitionLoader done
Event: 3.895 loading class org/springframework/boot/SpringBootExceptionHandler
Event: 3.895 loading class org/springframework/boot/SpringBootExceptionHandler done


Dynamic libraries:
0x00007ff7938c0000 - 0x00007ff793907000 	C:\Program Files\Java\jdk1.8.0_291\bin\java.exe
0x00007ff8a9310000 - 0x00007ff8a9505000 	C:\WINDOWS\SYSTEM32\ntdll.dll
0x00007ff8a9160000 - 0x00007ff8a921d000 	C:\WINDOWS\System32\KERNEL32.DLL
0x00007ff8a6a70000 - 0x00007ff8a6d39000 	C:\WINDOWS\System32\KERNELBASE.dll
0x00007ff8a7c00000 - 0x00007ff8a7cac000 	C:\WINDOWS\System32\ADVAPI32.dll
0x00007ff8a7510000 - 0x00007ff8a75ae000 	C:\WINDOWS\System32\msvcrt.dll
0x00007ff8a7dd0000 - 0x00007ff8a7e6b000 	C:\WINDOWS\System32\sechost.dll
0x00007ff8a84e0000 - 0x00007ff8a860a000 	C:\WINDOWS\System32\RPCRT4.dll
0x00007ff8a7370000 - 0x00007ff8a7510000 	C:\WINDOWS\System32\USER32.dll
0x00007ff8a6a40000 - 0x00007ff8a6a62000 	C:\WINDOWS\System32\win32u.dll
0x00007ff8a84b0000 - 0x00007ff8a84da000 	C:\WINDOWS\System32\GDI32.dll
0x00007ff8a6eb0000 - 0x00007ff8a6fbb000 	C:\WINDOWS\System32\gdi32full.dll
0x00007ff8a7170000 - 0x00007ff8a720d000 	C:\WINDOWS\System32\msvcp_win.dll
0x00007ff8a7210000 - 0x00007ff8a7310000 	C:\WINDOWS\System32\ucrtbase.dll
0x00007ff897b90000 - 0x00007ff897e2a000 	C:\WINDOWS\WinSxS\amd64_microsoft.windows.common-controls_6595b64144ccf1df_6.0.19041.1110_none_60b5254171f9507e\COMCTL32.dll
0x00007ff8a87d0000 - 0x00007ff8a8800000 	C:\WINDOWS\System32\IMM32.DLL
0x00007ff8a1340000 - 0x00007ff8a1355000 	C:\Program Files\Java\jdk1.8.0_291\jre\bin\vcruntime140.dll
0x00007ff878d30000 - 0x00007ff878dcb000 	C:\Program Files\Java\jdk1.8.0_291\jre\bin\msvcp140.dll
0x000000006c060000 - 0x000000006c8c0000 	C:\Program Files\Java\jdk1.8.0_291\jre\bin\server\jvm.dll
0x00007ff8a8610000 - 0x00007ff8a8618000 	C:\WINDOWS\System32\PSAPI.DLL
0x00007ff8998e0000 - 0x00007ff899907000 	C:\WINDOWS\SYSTEM32\WINMM.dll
0x00007ff894fa0000 - 0x00007ff894fa9000 	C:\WINDOWS\SYSTEM32\WSOCK32.dll
0x00007ff8a8440000 - 0x00007ff8a84ab000 	C:\WINDOWS\System32\WS2_32.dll
0x00007ff89be50000 - 0x00007ff89be5a000 	C:\WINDOWS\SYSTEM32\VERSION.dll
0x00007ff8a4950000 - 0x00007ff8a4962000 	C:\WINDOWS\SYSTEM32\kernel.appcore.dll
0x00007ff8a2700000 - 0x00007ff8a2710000 	C:\Program Files\Java\jdk1.8.0_291\jre\bin\verify.dll
0x00007ff8965d0000 - 0x00007ff8965fb000 	C:\Program Files\Java\jdk1.8.0_291\jre\bin\java.dll
0x00007ff895290000 - 0x00007ff8952c0000 	C:\Program Files\Java\jdk1.8.0_291\jre\bin\instrument.dll
0x00007ff8a0420000 - 0x00007ff8a0438000 	C:\Program Files\Java\jdk1.8.0_291\jre\bin\zip.dll
0x00007ff8a8920000 - 0x00007ff8a905f000 	C:\WINDOWS\System32\SHELL32.dll
0x00007ff8a4b50000 - 0x00007ff8a52e0000 	C:\WINDOWS\SYSTEM32\windows.storage.dll
0x00007ff8a7680000 - 0x00007ff8a79d5000 	C:\WINDOWS\System32\combase.dll
0x00007ff8a64a0000 - 0x00007ff8a64cc000 	C:\WINDOWS\SYSTEM32\Wldp.dll
0x00007ff8a7d20000 - 0x00007ff8a7dce000 	C:\WINDOWS\System32\SHCORE.dll
0x00007ff8a7e70000 - 0x00007ff8a7ec5000 	C:\WINDOWS\System32\shlwapi.dll
0x00007ff8a6980000 - 0x00007ff8a699f000 	C:\WINDOWS\SYSTEM32\profapi.dll
0x00007ff894e20000 - 0x00007ff894e3a000 	C:\Program Files\JetBrains\IntelliJ IDEA 2021.2\bin\breakgen64.dll
0x00007ff8a03c0000 - 0x00007ff8a03dc000 	C:\Program Files\Java\jdk1.8.0_291\jre\bin\net.dll
0x00007ff8a6200000 - 0x00007ff8a626a000 	C:\WINDOWS\system32\mswsock.dll
0x00007ff8a5ef0000 - 0x00007ff8a5fbc000 	C:\WINDOWS\SYSTEM32\DNSAPI.dll
0x00007ff8a5ea0000 - 0x00007ff8a5edb000 	C:\WINDOWS\SYSTEM32\IPHLPAPI.DLL
0x00007ff8a7cb0000 - 0x00007ff8a7cb8000 	C:\WINDOWS\System32\NSI.dll
0x00007ff896310000 - 0x00007ff89631a000 	C:\Windows\System32\rasadhlp.dll
0x00007ff896fe0000 - 0x00007ff89705f000 	C:\WINDOWS\System32\fwpuclnt.dll
0x00007ff8a6df0000 - 0x00007ff8a6e17000 	C:\WINDOWS\System32\bcrypt.dll
0x00007ff8a1b60000 - 0x00007ff8a1b6d000 	C:\Program Files\Java\jdk1.8.0_291\jre\bin\management.dll
0x00007ff89b050000 - 0x00007ff89b063000 	C:\Program Files\Java\jdk1.8.0_291\jre\bin\nio.dll
0x00007ff8a6400000 - 0x00007ff8a6418000 	C:\WINDOWS\SYSTEM32\CRYPTSP.dll
0x00007ff8a5b10000 - 0x00007ff8a5b44000 	C:\WINDOWS\system32\rsaenh.dll
0x00007ff8a6940000 - 0x00007ff8a696e000 	C:\WINDOWS\SYSTEM32\USERENV.dll
0x00007ff8a6e20000 - 0x00007ff8a6ea3000 	C:\WINDOWS\System32\bcryptprimitives.dll
0x00007ff8a63f0000 - 0x00007ff8a63fc000 	C:\WINDOWS\SYSTEM32\CRYPTBASE.dll
0x00007ff89bb50000 - 0x00007ff89bb67000 	C:\WINDOWS\SYSTEM32\dhcpcsvc6.DLL
0x00007ff89e560000 - 0x00007ff89e57d000 	C:\WINDOWS\SYSTEM32\dhcpcsvc.DLL
0x00007ff890ff0000 - 0x00007ff891007000 	C:\WINDOWS\system32\napinsp.dll
0x00007ff890fd0000 - 0x00007ff890feb000 	C:\WINDOWS\system32\pnrpnsp.dll
0x00007ff890f60000 - 0x00007ff890f75000 	C:\WINDOWS\system32\wshbth.dll
0x00007ff8a25a0000 - 0x00007ff8a25bd000 	C:\WINDOWS\system32\NLAapi.dll
0x00007ff890f40000 - 0x00007ff890f52000 	C:\WINDOWS\System32\winrnr.dll
0x00007ff894300000 - 0x00007ff8944e4000 	C:\WINDOWS\SYSTEM32\dbghelp.dll

VM Arguments:
jvm_args: -XX:TieredStopAtLevel=1 -Xverify:none -Dspring.output.ansi.enabled=always -javaagent:C:\Program Files\JetBrains\IntelliJ IDEA 2021.2\lib\idea_rt.jar=63079:C:\Program Files\JetBrains\IntelliJ IDEA 2021.2\bin -Dcom.sun.management.jmxremote -Dspring.jmx.enabled=true -Dspring.liveBeansView.mbeanDomain -Dspring.application.admin.enabled=true -Dfile.encoding=UTF-8 
java_command: com.hung.springh2.H2dbApplication
java_class_path (initial): C:\Program Files\Java\jdk1.8.0_291\jre\lib\charsets.jar;C:\Program Files\Java\jdk1.8.0_291\jre\lib\deploy.jar;C:\Program Files\Java\jdk1.8.0_291\jre\lib\ext\access-bridge-64.jar;C:\Program Files\Java\jdk1.8.0_291\jre\lib\ext\cldrdata.jar;C:\Program Files\Java\jdk1.8.0_291\jre\lib\ext\dnsns.jar;C:\Program Files\Java\jdk1.8.0_291\jre\lib\ext\jaccess.jar;C:\Program Files\Java\jdk1.8.0_291\jre\lib\ext\jfxrt.jar;C:\Program Files\Java\jdk1.8.0_291\jre\lib\ext\localedata.jar;C:\Program Files\Java\jdk1.8.0_291\jre\lib\ext\nashorn.jar;C:\Program Files\Java\jdk1.8.0_291\jre\lib\ext\sunec.jar;C:\Program Files\Java\jdk1.8.0_291\jre\lib\ext\sunjce_provider.jar;C:\Program Files\Java\jdk1.8.0_291\jre\lib\ext\sunmscapi.jar;C:\Program Files\Java\jdk1.8.0_291\jre\lib\ext\sunpkcs11.jar;C:\Program Files\Java\jdk1.8.0_291\jre\lib\ext\zipfs.jar;C:\Program Files\Java\jdk1.8.0_291\jre\lib\javaws.jar;C:\Program Files\Java\jdk1.8.0_291\jre\lib\jce.jar;C:\Program Files\Java\jdk1.8.0_291\jre\lib\jfr.jar;C:\Program Files\Java\jdk1.8.0_291\jre\lib\jfxswt.jar;C:\Program Files\Java\jdk1.8.0_291\jre\lib\jsse.jar;C:\Program Files\Java\jdk1.8.0_291\jre\lib\management-agent.jar;C:\Program Files\Java\jdk1.8.0_291\jre\lib\plugin.jar;C:\Program Files\Java\jdk1.8.0_291\jre\lib\resources.jar;C:\Program Files\Java\jdk1.8.0_291\jre\lib\rt.jar;D:\Sunlife\RnDforSunlife\h2db-service\target\classes;C:\Users\Hung\.m2\repository\org\springframework\boot\spring-boot-starter-data-jpa\2.4.3\spring-boot-starter-data-jpa-2.4.3.jar;C:\Users\Hung\.m2\repository\org\springframework\boot\spring-boot-starter-aop\2.4.3\spring-boot-starter-aop-2.4.3.jar;C:\Users\Hung\.m2\repository\org\springframework\spring-aop\5.3.4\spring-aop-5.3.4.jar;C:\Users\Hung\.m2\repository\org\aspectj\aspectjweaver\1.9.6\aspectjweaver-1.9.6.jar;C:\Users\Hung\.m2\repository\org\springframework\boot\spring-boot-starter-jdbc\2.4.3\spring-boot-starter-jdbc-2.4.3.jar;C:\Users\Hung\.m2\repository\com\zaxxer\HikariCP\3.4.5\Hik
Launcher Type: SUN_STANDARD

Environment Variables:
JAVA_HOME=C:\Program Files\Java\jdk1.8.0_291
PATH=C:\Program Files (x86)\Common Files\Oracle\Java\javapath;C:\WINDOWS\system32;C:\WINDOWS;C:\WINDOWS\System32\Wbem;C:\WINDOWS\System32\WindowsPowerShell\v1.0\;C:\WINDOWS\System32\OpenSSH\;C:\Program Files\Git\cmd;C:\Program Files (x86)\Calibre2\;C:\Program Files\Java\jdk1.8.0_291\bin;C:\Program Files\maven3.6.3\apache-maven-3.6.3\bin;C:\Program Files\nodejs\;C:\Program Files\MySQL\MySQL Shell 8.0\bin\;C:\Users\Hung\AppData\Local\Programs\Python\Python39\Scripts\;C:\Users\Hung\AppData\Local\Programs\Python\Python39\;C:\Users\Hung\AppData\Local\Microsoft\WindowsApps;C:\Program Files\JetBrains\PyCharm Community Edition 2021.1.1\bin;;C:\Users\Hung\AppData\Local\Programs\Microsoft VS Code\bin;C:\Users\Hung\AppData\Roaming\npm;C:\ProgramData\Hung\GitHubDesktop\bin
USERNAME=Hung
OS=Windows_NT
PROCESSOR_IDENTIFIER=Intel64 Family 6 Model 61 Stepping 4, GenuineIntel



---------------  S Y S T E M  ---------------

OS: Windows 10.0 , 64 bit Build 19041 (10.0.19041.1151)

CPU:total 4 (initial active 4) (2 cores per cpu, 2 threads per core) family 6 model 61 stepping 4, cmov, cx8, fxsr, mmx, sse, sse2, sse3, ssse3, sse4.1, sse4.2, popcnt, avx, avx2, aes, clmul, erms, 3dnowpref, lzcnt, ht, tsc, tscinvbit, bmi1, bmi2, adx

Memory: 4k page, physical 8306224k(817244k free), swap 20889136k(7887312k free)

vm_info: Java HotSpot(TM) 64-Bit Server VM (25.291-b10) for windows-amd64 JRE (1.8.0_291-b10), built on Apr  9 2021 00:02:00 by "java_re" with MS VC++ 15.9 (VS2017)

time: Fri Aug 20 18:06:32 2021
timezone: SE Asia Standard Time
elapsed time: 3.939757 seconds (0d 0h 0m 3s)

